# JRE version: OpenJDK Runtime Environment Corretto-17.0.7.7.1 (17.0.7+7) (build 17.0.7+7-LTS)
# Java VM: OpenJDK 64-Bit Server VM Corretto-17.0.7.7.1 (17.0.7+7-LTS, mixed mode, sharing, tiered, compressed oops, compressed class ptrs, g1 gc, windows-amd64)
GC Precious Log:
 CPUs: 12 total, 12 available
 Memory: 15733M
 Large Page Support: Disabled
 NUMA Support: Disabled
 Compressed Oops: Enabled (Zero based)
 Heap Region Size: 2M
 Heap Min Capacity: 8M
 Heap Initial Capacity: 246M
 Heap Max Capacity: 3934M
 Pre-touch: Disabled
 Parallel Workers: 10
 Concurrent Workers: 3
 Concurrent Refinement Workers: 10
 Periodic GC: Disabled
Heap:
 garbage-first heap   total 251904K, used 85106K [0x000000070a200000, 0x0000000800000000)
  region size 2048K, 21 young (43008K), 4 survivors (8192K)
 Metaspace       used 17441K, committed 18112K, reserved 1114112K
  class space    used 2354K, committed 2624K, reserved 1048576K
GC Heap History (8 events):
Event: 0.584 GC heap before
{Heap before GC invocations=0 (full 0):
 garbage-first heap   total 251904K, used 24576K [0x000000070a200000, 0x0000000800000000)
  region size 2048K, 11 young (22528K), 0 survivors (0K)
 Metaspace       used 6132K, committed 6336K, reserved 1114112K
  class space    used 751K, committed 832K, reserved 1048576K
}
Event: 0.588 GC heap after
{Heap after GC invocations=1 (full 0):
 garbage-first heap   total 251904K, used 6208K [0x000000070a200000, 0x0000000800000000)
  region size 2048K, 2 young (4096K), 2 survivors (4096K)
 Metaspace       used 6132K, committed 6336K, reserved 1114112K
  class space    used 751K, committed 832K, reserved 1048576K
}
Event: 4.721 GC heap before
{Heap before GC invocations=1 (full 0):
 garbage-first heap   total 251904K, used 32832K [0x000000070a200000, 0x0000000800000000)
  region size 2048K, 16 young (32768K), 2 survivors (4096K)
 Metaspace       used 12065K, committed 12288K, reserved 1114112K
  class space    used 1500K, committed 1600K, reserved 1048576K
}
Event: 4.728 GC heap after
{Heap after GC invocations=2 (full 0):
 garbage-first heap   total 251904K, used 11511K [0x000000070a200000, 0x0000000800000000)
  region size 2048K, 2 young (4096K), 2 survivors (4096K)
 Metaspace       used 12065K, committed 12288K, reserved 1114112K
  class space    used 1500K, committed 1600K, reserved 1048576K
}
Event: 5.154 GC heap before
{Heap before GC invocations=2 (full 0):
 garbage-first heap   total 251904K, used 77047K [0x000000070a200000, 0x0000000800000000)
  region size 2048K, 34 young (69632K), 2 survivors (4096K)
 Metaspace       used 16305K, committed 17024K, reserved 1114112K
  class space    used 2237K, committed 2560K, reserved 1048576K
}
Event: 5.170 GC heap after
{Heap after GC invocations=3 (full 0):
 garbage-first heap   total 251904K, used 42494K [0x000000070a200000, 0x0000000800000000)
  region size 2048K, 5 young (10240K), 5 survivors (10240K)
 Metaspace       used 16305K, committed 17024K, reserved 1114112K
  class space    used 2237K, committed 2560K, reserved 1048576K
}
Event: 5.268 GC heap before
{Heap before GC invocations=3 (full 0):
 garbage-first heap   total 251904K, used 85502K [0x000000070a200000, 0x0000000800000000)
  region size 2048K, 26 young (53248K), 5 survivors (10240K)
 Metaspace       used 16325K, committed 17024K, reserved 1114112K
  class space    used 2237K, committed 2560K, reserved 1048576K
}
Event: 5.276 GC heap after
{Heap after GC invocations=4 (full 0):
 garbage-first heap   total 251904K, used 52338K [0x000000070a200000, 0x0000000800000000)
  region size 2048K, 4 young (8192K), 4 survivors (8192K)
 Metaspace       used 16325K, committed 17024K, reserved 1114112K
  class space    used 2237K, committed 2560K, reserved 1048576K
}

