# JRE version: OpenJDK Runtime Environment Corretto-17.0.7.7.1 (17.0.7+7) (build 17.0.7+7-LTS)
# Java VM: OpenJDK 64-Bit Server VM Corretto-17.0.7.7.1 (17.0.7+7-LTS, mixed mode, sharing, tiered, compressed oops, compressed class ptrs, g1 gc, windows-amd64)
GC Precious Log:
 CPUs: 12 total, 12 available
 Memory: 15733M
 Large Page Support: Disabled
 NUMA Support: Disabled
 Compressed Oops: Enabled (Zero based)
 Heap Region Size: 2M
 Heap Min Capacity: 8M
 Heap Initial Capacity: 246M
 Heap Max Capacity: 3934M
 Pre-touch: Disabled
 Parallel Workers: 10
 Concurrent Workers: 3
 Concurrent Refinement Workers: 10
 Periodic GC: Disabled
Heap:
 garbage-first heap   total 251904K, used 75224K [0x000000070a200000, 0x0000000800000000)
  region size 2048K, 16 young (32768K), 4 survivors (8192K)
 Metaspace       used 16761K, committed 17408K, reserved 1114112K
  class space    used 2270K, committed 2560K, reserved 1048576K
GC Heap History (8 events):
Event: 0.523 GC heap before
{Heap before GC invocations=0 (full 0):
 garbage-first heap   total 251904K, used 24576K [0x000000070a200000, 0x0000000800000000)
  region size 2048K, 11 young (22528K), 0 survivors (0K)
 Metaspace       used 6131K, committed 6336K, reserved 1114112K
  class space    used 751K, committed 832K, reserved 1048576K
}
Event: 0.527 GC heap after
{Heap after GC invocations=1 (full 0):
 garbage-first heap   total 251904K, used 6144K [0x000000070a200000, 0x0000000800000000)
  region size 2048K, 2 young (4096K), 2 survivors (4096K)
 Metaspace       used 6131K, committed 6336K, reserved 1114112K
  class space    used 751K, committed 832K, reserved 1048576K
}
Event: 9.053 GC heap before
{Heap before GC invocations=1 (full 0):
 garbage-first heap   total 251904K, used 32768K [0x000000070a200000, 0x0000000800000000)
  region size 2048K, 16 young (32768K), 2 survivors (4096K)
 Metaspace       used 12077K, committed 12288K, reserved 1114112K
  class space    used 1499K, committed 1600K, reserved 1048576K
}
Event: 9.059 GC heap after
{Heap after GC invocations=2 (full 0):
 garbage-first heap   total 251904K, used 11625K [0x000000070a200000, 0x0000000800000000)
  region size 2048K, 2 young (4096K), 2 survivors (4096K)
 Metaspace       used 12077K, committed 12288K, reserved 1114112K
  class space    used 1499K, committed 1600K, reserved 1048576K
}
Event: 9.538 GC heap before
{Heap before GC invocations=2 (full 0):
 garbage-first heap   total 251904K, used 75113K [0x000000070a200000, 0x0000000800000000)
  region size 2048K, 34 young (69632K), 2 survivors (4096K)
 Metaspace       used 16301K, committed 16896K, reserved 1114112K
  class space    used 2229K, committed 2496K, reserved 1048576K
}
Event: 9.552 GC heap after
{Heap after GC invocations=3 (full 0):
 garbage-first heap   total 251904K, used 42211K [0x000000070a200000, 0x0000000800000000)
  region size 2048K, 5 young (10240K), 5 survivors (10240K)
 Metaspace       used 16301K, committed 16896K, reserved 1114112K
  class space    used 2229K, committed 2496K, reserved 1048576K
}
Event: 9.690 GC heap before
{Heap before GC invocations=3 (full 0):
 garbage-first heap   total 251904K, used 85219K [0x000000070a200000, 0x0000000800000000)
  region size 2048K, 26 young (53248K), 5 survivors (10240K)
 Metaspace       used 16320K, committed 16896K, reserved 1114112K
  class space    used 2229K, committed 2496K, reserved 1048576K
}
Event: 9.699 GC heap after
{Heap after GC invocations=4 (full 0):
 garbage-first heap   total 251904K, used 52696K [0x000000070a200000, 0x0000000800000000)
  region size 2048K, 4 young (8192K), 4 survivors (8192K)
 Metaspace       used 16320K, committed 16896K, reserved 1114112K
  class space    used 2229K, committed 2496K, reserved 1048576K
}

